{"__type":"$$EventMessageWorkflow","id":"b94692bc-e7be-4588-82f6-21a52407c7a3","ts":"2026-01-12T13:55:39.175-03:00","eventName":"n8n.workflow.started","message":"n8n.workflow.started","payload":{"executionId":"1489","workflowId":"D0yzWWjZN3ajeV3e","isManual":false,"workflowName":"[VMG][CCO] VERIFICADOR DE TTL"}}
{"__type":"$$EventMessageConfirm","confirm":"b94692bc-e7be-4588-82f6-21a52407c7a3","ts":"2026-01-12T13:55:39.175-03:00","source":{"id":"0","name":"eventBus"}}
{"__type":"$$EventMessageNode","id":"e62cbeff-f1f6-4cda-a7cb-589de067e769","ts":"2026-01-12T13:55:39.178-03:00","eventName":"n8n.node.started","message":"n8n.node.started","payload":{"workflowId":"D0yzWWjZN3ajeV3e","workflowName":"[VMG][CCO] VERIFICADOR DE TTL","executionId":"1489","nodeType":"n8n-nodes-base.scheduleTrigger","nodeName":"Schedule Trigger","nodeId":"778bdf92-f9a1-4d24-aaae-37b130e715cc"}}
{"__type":"$$EventMessageConfirm","confirm":"e62cbeff-f1f6-4cda-a7cb-589de067e769","ts":"2026-01-12T13:55:39.178-03:00","source":{"id":"0","name":"eventBus"}}
{"__type":"$$EventMessageNode","id":"e6dd6c4b-78af-4578-b65f-b5f7f027a173","ts":"2026-01-12T13:55:39.201-03:00","eventName":"n8n.node.finished","message":"n8n.node.finished","payload":{"workflowId":"D0yzWWjZN3ajeV3e","workflowName":"[VMG][CCO] VERIFICADOR DE TTL","executionId":"1489","nodeType":"n8n-nodes-base.scheduleTrigger","nodeName":"Schedule Trigger","nodeId":"778bdf92-f9a1-4d24-aaae-37b130e715cc"}}
{"__type":"$$EventMessageConfirm","confirm":"e6dd6c4b-78af-4578-b65f-b5f7f027a173","ts":"2026-01-12T13:55:39.201-03:00","source":{"id":"0","name":"eventBus"}}
{"__type":"$$EventMessageNode","id":"d4ca52be-4f8b-44b5-b01b-c8c44a3e0a5a","ts":"2026-01-12T13:55:39.206-03:00","eventName":"n8n.node.started","message":"n8n.node.started","payload":{"workflowId":"D0yzWWjZN3ajeV3e","workflowName":"[VMG][CCO] VERIFICADOR DE TTL","executionId":"1489","nodeType":"n8n-nodes-base.redis","nodeName":"Redis","nodeId":"8d545e41-eeae-42c9-9268-e14377cbec94"}}
{"__type":"$$EventMessageConfirm","confirm":"d4ca52be-4f8b-44b5-b01b-c8c44a3e0a5a","ts":"2026-01-12T13:55:39.206-03:00","source":{"id":"0","name":"eventBus"}}
{"__type":"$$EventMessageNode","id":"c107e762-62d3-4dd8-98bf-5abfffef1542","ts":"2026-01-12T13:55:39.261-03:00","eventName":"n8n.node.finished","message":"n8n.node.finished","payload":{"workflowId":"D0yzWWjZN3ajeV3e","workflowName":"[VMG][CCO] VERIFICADOR DE TTL","executionId":"1489","nodeType":"n8n-nodes-base.redis","nodeName":"Redis","nodeId":"8d545e41-eeae-42c9-9268-e14377cbec94"}}
{"__type":"$$EventMessageConfirm","confirm":"c107e762-62d3-4dd8-98bf-5abfffef1542","ts":"2026-01-12T13:55:39.262-03:00","source":{"id":"0","name":"eventBus"}}
{"__type":"$$EventMessageNode","id":"d583edeb-2cc1-4a62-bfa1-9ce6b99cad3b","ts":"2026-01-12T13:55:39.263-03:00","eventName":"n8n.node.started","message":"n8n.node.started","payload":{"workflowId":"D0yzWWjZN3ajeV3e","workflowName":"[VMG][CCO] VERIFICADOR DE TTL","executionId":"1489","nodeType":"n8n-nodes-base.code","nodeName":"Code in Python (Native)","nodeId":"2b0d6321-e09f-48bd-9d96-3de8340af00b"}}
{"__type":"$$EventMessageConfirm","confirm":"d583edeb-2cc1-4a62-bfa1-9ce6b99cad3b","ts":"2026-01-12T13:55:39.264-03:00","source":{"id":"0","name":"eventBus"}}
{"__type":"$$EventMessageWorkflow","id":"1cdc7db2-90c5-4cc5-8c2e-343b6e7bbaa0","ts":"2026-01-12T13:55:50.314-03:00","eventName":"n8n.workflow.cancelled","message":"n8n.workflow.cancelled","payload":{"executionId":"1489","workflowId":"D0yzWWjZN3ajeV3e","workflowName":"[VMG][CCO] VERIFICADOR DE TTL","reason":"manual"}}
{"__type":"$$EventMessageConfirm","confirm":"1cdc7db2-90c5-4cc5-8c2e-343b6e7bbaa0","ts":"2026-01-12T13:55:50.315-03:00","source":{"id":"0","name":"eventBus"}}
{"__type":"$$EventMessageWorkflow","id":"ed34c305-27dc-44a5-8240-7144e2478e05","ts":"2026-01-12T13:55:50.320-03:00","eventName":"n8n.workflow.failed","message":"n8n.workflow.failed","payload":{"userId":"bd69add1-3810-44ae-9e6b-f972f0490c1c","executionId":"1489","success":false,"isManual":true,"workflowId":"D0yzWWjZN3ajeV3e","workflowName":"[VMG][CCO] VERIFICADOR DE TTL","lastNodeExecuted":"Redis"}}
{"__type":"$$EventMessageConfirm","confirm":"ed34c305-27dc-44a5-8240-7144e2478e05","ts":"2026-01-12T13:55:50.320-03:00","source":{"id":"0","name":"eventBus"}}
{"__type":"$$EventMessageWorkflow","id":"e15ce8b1-0b64-4550-8cff-b33daddd661f","ts":"2026-01-12T13:55:52.433-03:00","eventName":"n8n.workflow.started","message":"n8n.workflow.started","payload":{"executionId":"1490","workflowId":"D0yzWWjZN3ajeV3e","isManual":false,"workflowName":"[VMG][CCO] VERIFICADOR DE TTL"}}
{"__type":"$$EventMessageConfirm","confirm":"e15ce8b1-0b64-4550-8cff-b33daddd661f","ts":"2026-01-12T13:55:52.433-03:00","source":{"id":"0","name":"eventBus"}}
{"__type":"$$EventMessageNode","id":"f749ec6d-0f2b-4ddf-9162-74b56fe0d545","ts":"2026-01-12T13:55:52.436-03:00","eventName":"n8n.node.started","message":"n8n.node.started","payload":{"workflowId":"D0yzWWjZN3ajeV3e","workflowName":"[VMG][CCO] VERIFICADOR DE TTL","executionId":"1490","nodeType":"n8n-nodes-base.redis","nodeName":"Redis","nodeId":"8d545e41-eeae-42c9-9268-e14377cbec94"}}
{"__type":"$$EventMessageConfirm","confirm":"f749ec6d-0f2b-4ddf-9162-74b56fe0d545","ts":"2026-01-12T13:55:52.436-03:00","source":{"id":"0","name":"eventBus"}}
{"__type":"$$EventMessageNode","id":"8f92def7-9fd4-484b-a582-5c5c8dbfb8ed","ts":"2026-01-12T13:55:52.458-03:00","eventName":"n8n.node.finished","message":"n8n.node.finished","payload":{"workflowId":"D0yzWWjZN3ajeV3e","workflowName":"[VMG][CCO] VERIFICADOR DE TTL","executionId":"1490","nodeType":"n8n-nodes-base.redis","nodeName":"Redis","nodeId":"8d545e41-eeae-42c9-9268-e14377cbec94"}}
{"__type":"$$EventMessageConfirm","confirm":"8f92def7-9fd4-484b-a582-5c5c8dbfb8ed","ts":"2026-01-12T13:55:52.459-03:00","source":{"id":"0","name":"eventBus"}}
{"__type":"$$EventMessageWorkflow","id":"8e36ad3f-677a-4cb4-832e-4ff98beac143","ts":"2026-01-12T13:55:52.462-03:00","eventName":"n8n.workflow.success","message":"n8n.workflow.success","payload":{"userId":"bd69add1-3810-44ae-9e6b-f972f0490c1c","executionId":"1490","success":true,"isManual":true,"workflowId":"D0yzWWjZN3ajeV3e","workflowName":"[VMG][CCO] VERIFICADOR DE TTL"}}
{"__type":"$$EventMessageConfirm","confirm":"8e36ad3f-677a-4cb4-832e-4ff98beac143","ts":"2026-01-12T13:55:52.462-03:00","source":{"id":"0","name":"eventBus"}}
{"__type":"$$EventMessageWorkflow","id":"bcf508e6-8eed-4d00-93c9-c60bfdf530eb","ts":"2026-01-12T13:55:54.113-03:00","eventName":"n8n.workflow.started","message":"n8n.workflow.started","payload":{"executionId":"1491","workflowId":"D0yzWWjZN3ajeV3e","isManual":false,"workflowName":"[VMG][CCO] VERIFICADOR DE TTL"}}
{"__type":"$$EventMessageConfirm","confirm":"bcf508e6-8eed-4d00-93c9-c60bfdf530eb","ts":"2026-01-12T13:55:54.113-03:00","source":{"id":"0","name":"eventBus"}}
{"__type":"$$EventMessageNode","id":"6eb9d84f-18d9-493e-9e5a-d7908a2ca25f","ts":"2026-01-12T13:55:54.115-03:00","eventName":"n8n.node.started","message":"n8n.node.started","payload":{"workflowId":"D0yzWWjZN3ajeV3e","workflowName":"[VMG][CCO] VERIFICADOR DE TTL","executionId":"1491","nodeType":"n8n-nodes-base.code","nodeName":"Code in Python (Native)","nodeId":"2b0d6321-e09f-48bd-9d96-3de8340af00b"}}
{"__type":"$$EventMessageConfirm","confirm":"6eb9d84f-18d9-493e-9e5a-d7908a2ca25f","ts":"2026-01-12T13:55:54.115-03:00","source":{"id":"0","name":"eventBus"}}
{"__type":"$$EventMessageNode","id":"09a47f63-4f34-40e9-bff9-050f018d081b","ts":"2026-01-12T13:56:54.119-03:00","eventName":"n8n.node.finished","message":"n8n.node.finished","payload":{"workflowId":"D0yzWWjZN3ajeV3e","workflowName":"[VMG][CCO] VERIFICADOR DE TTL","executionId":"1491","nodeType":"n8n-nodes-base.code","nodeName":"Code in Python (Native)","nodeId":"2b0d6321-e09f-48bd-9d96-3de8340af00b"}}
{"__type":"$$EventMessageConfirm","confirm":"09a47f63-4f34-40e9-bff9-050f018d081b","ts":"2026-01-12T13:56:54.119-03:00","source":{"id":"0","name":"eventBus"}}
{"__type":"$$EventMessageWorkflow","id":"ccbd9646-aa17-4f52-ba42-73ff53ba98c3","ts":"2026-01-12T13:56:54.122-03:00","eventName":"n8n.workflow.failed","message":"n8n.workflow.failed","payload":{"userId":"bd69add1-3810-44ae-9e6b-f972f0490c1c","executionId":"1491","success":false,"isManual":true,"workflowId":"D0yzWWjZN3ajeV3e","workflowName":"[VMG][CCO] VERIFICADOR DE TTL","lastNodeExecuted":"Code in Python (Native)","errorMessage":"Task request timed out after 60 seconds"}}
{"__type":"$$EventMessageConfirm","confirm":"ccbd9646-aa17-4f52-ba42-73ff53ba98c3","ts":"2026-01-12T13:56:54.122-03:00","source":{"id":"0","name":"eventBus"}}
